kf5.kio.core: KSambaShare: Could not find smb.conf!
kf5.kio.core: KSambaShare: Could not find smb.conf!
"/org/freedesktop/UDisks2/drives/UFD_3_2e0_Silicon_Power64G_P1311862070B3BBB86B4CE31" has new interfaces: ("org.freedesktop.UDisks2.Drive")
"/org/freedesktop/UDisks2/block_devices/sdb" has new interfaces: ("org.freedesktop.UDisks2.Block", "org.freedesktop.UDisks2.PartitionTable")
"/org/freedesktop/UDisks2/block_devices/sdb2" has new interfaces: ("org.freedesktop.UDisks2.Block", "org.freedesktop.UDisks2.Filesystem", "org.freedesktop.UDisks2.Partition")
"/org/freedesktop/UDisks2/block_devices/sdb1" has new interfaces: ("org.freedesktop.UDisks2.Block", "org.freedesktop.UDisks2.Filesystem", "org.freedesktop.UDisks2.Partition")
"/org/freedesktop/UDisks2/drives/drive" has new interfaces: ("org.freedesktop.UDisks2.Drive")
"/org/freedesktop/UDisks2/block_devices/sdb" lost interfaces: ("org.freedesktop.UDisks2.PartitionTable")
Error getting props: "org.freedesktop.DBus.Error.UnknownMethod" "No such interface 'org.freedesktop.DBus.Properties' on object at path /org/freedesktop/UDisks2/block_devices/sdb"
"/org/freedesktop/UDisks2/block_devices/sdb1" lost interfaces: ("org.freedesktop.UDisks2.Partition", "org.freedesktop.UDisks2.Filesystem", "org.freedesktop.UDisks2.Block")
"/org/freedesktop/UDisks2/block_devices/sdb2" lost interfaces: ("org.freedesktop.UDisks2.Partition", "org.freedesktop.UDisks2.Filesystem", "org.freedesktop.UDisks2.Block")
"/org/freedesktop/UDisks2/block_devices/sdb" lost interfaces: ("org.freedesktop.UDisks2.Block")
"/org/freedesktop/UDisks2/drives/drive" lost interfaces: ("org.freedesktop.UDisks2.Drive")
"/org/freedesktop/UDisks2/block_devices/sdb" has new interfaces: ("org.freedesktop.UDisks2.Block", "org.freedesktop.UDisks2.PartitionTable")
"/org/freedesktop/UDisks2/block_devices/sdb2" has new interfaces: ("org.freedesktop.UDisks2.Block", "org.freedesktop.UDisks2.Filesystem", "org.freedesktop.UDisks2.Partition")
"/org/freedesktop/UDisks2/block_devices/sdb1" has new interfaces: ("org.freedesktop.UDisks2.Block", "org.freedesktop.UDisks2.Filesystem", "org.freedesktop.UDisks2.Partition")
"/org/freedesktop/UDisks2/block_devices/sdb1" lost interfaces: ("org.freedesktop.UDisks2.Partition", "org.freedesktop.UDisks2.Filesystem", "org.freedesktop.UDisks2.Block")
"/org/freedesktop/UDisks2/block_devices/sdb2" lost interfaces: ("org.freedesktop.UDisks2.Partition", "org.freedesktop.UDisks2.Filesystem", "org.freedesktop.UDisks2.Block")
"/org/freedesktop/UDisks2/block_devices/sdb" lost interfaces: ("org.freedesktop.UDisks2.PartitionTable", "org.freedesktop.UDisks2.Block")
"/org/freedesktop/UDisks2/drives/UFD_3_2e0_Silicon_Power64G_P1311862070B3BBB86B4CE31" lost interfaces: ("org.freedesktop.UDisks2.Drive")
"/org/freedesktop/UDisks2/block_devices/sda5" has new interfaces: ("org.freedesktop.UDisks2.Block", "org.freedesktop.UDisks2.Filesystem", "org.freedesktop.UDisks2.Partition")
"/org/freedesktop/UDisks2/block_devices/sda5" lost interfaces: ("org.freedesktop.UDisks2.Filesystem")
"/org/freedesktop/UDisks2/block_devices/sda5" has new interfaces: ("org.freedesktop.UDisks2.Swapspace")
"/org/freedesktop/UDisks2/drives/UFD_3_2e0_Silicon_Power64G_P1311862070B3BBB86B4CE31" has new interfaces: ("org.freedesktop.UDisks2.Drive")
"/org/freedesktop/UDisks2/block_devices/sdb" has new interfaces: ("org.freedesktop.UDisks2.Block", "org.freedesktop.UDisks2.PartitionTable")
"/org/freedesktop/UDisks2/block_devices/sdb2" has new interfaces: ("org.freedesktop.UDisks2.Block", "org.freedesktop.UDisks2.Filesystem", "org.freedesktop.UDisks2.Partition")
"/org/freedesktop/UDisks2/block_devices/sdb1" has new interfaces: ("org.freedesktop.UDisks2.Block", "org.freedesktop.UDisks2.Filesystem", "org.freedesktop.UDisks2.Partition")
"/org/freedesktop/UDisks2/block_devices/sdb2" lost interfaces: ("org.freedesktop.UDisks2.Partition", "org.freedesktop.UDisks2.Filesystem", "org.freedesktop.UDisks2.Block")
"/org/freedesktop/UDisks2/block_devices/sdb1" lost interfaces: ("org.freedesktop.UDisks2.Partition", "org.freedesktop.UDisks2.Filesystem", "org.freedesktop.UDisks2.Block")
"/org/freedesktop/UDisks2/block_devices/sdb" lost interfaces: ("org.freedesktop.UDisks2.PartitionTable", "org.freedesktop.UDisks2.Block")
"/org/freedesktop/UDisks2/drives/UFD_3_2e0_Silicon_Power64G_P1311862070B3BBB86B4CE31" lost interfaces: ("org.freedesktop.UDisks2.Drive")
"/org/freedesktop/UDisks2/drives/UFD_3_2e0_Silicon_Power64G_P1311862070B3BBB86B4CE31" has new interfaces: ("org.freedesktop.UDisks2.Drive")
"/org/freedesktop/UDisks2/block_devices/sdb" has new interfaces: ("org.freedesktop.UDisks2.Block", "org.freedesktop.UDisks2.PartitionTable")
"/org/freedesktop/UDisks2/block_devices/sdb2" has new interfaces: ("org.freedesktop.UDisks2.Block", "org.freedesktop.UDisks2.Filesystem", "org.freedesktop.UDisks2.Partition")
"/org/freedesktop/UDisks2/block_devices/sdb1" has new interfaces: ("org.freedesktop.UDisks2.Block", "org.freedesktop.UDisks2.Filesystem", "org.freedesktop.UDisks2.Partition")
"/org/freedesktop/UDisks2/drives/SanDisk_Ultra_Fit_4C530001231027116155" has new interfaces: ("org.freedesktop.UDisks2.Drive")
"/org/freedesktop/UDisks2/block_devices/sdc" has new interfaces: ("org.freedesktop.UDisks2.Block", "org.freedesktop.UDisks2.PartitionTable")
"/org/freedesktop/UDisks2/block_devices/sdc1" has new interfaces: ("org.freedesktop.UDisks2.Block", "org.freedesktop.UDisks2.Filesystem", "org.freedesktop.UDisks2.Partition")
"/org/freedesktop/UDisks2/block_devices/sdc1" lost interfaces: ("org.freedesktop.UDisks2.Partition", "org.freedesktop.UDisks2.Filesystem", "org.freedesktop.UDisks2.Block")
"/org/freedesktop/UDisks2/block_devices/sdc" lost interfaces: ("org.freedesktop.UDisks2.PartitionTable")
"/org/freedesktop/UDisks2/block_devices/sdc" lost interfaces: ("org.freedesktop.UDisks2.Block")
"/org/freedesktop/UDisks2/drives/SanDisk_Ultra_Fit_4C530001231027116155" lost interfaces: ("org.freedesktop.UDisks2.Drive")
"/org/freedesktop/UDisks2/drives/SanDisk_Ultra_Fit_4C530001231027116155" has new interfaces: ("org.freedesktop.UDisks2.Drive")
"/org/freedesktop/UDisks2/block_devices/sdc" has new interfaces: ("org.freedesktop.UDisks2.Block", "org.freedesktop.UDisks2.PartitionTable")
"/org/freedesktop/UDisks2/block_devices/sdc1" has new interfaces: ("org.freedesktop.UDisks2.Block", "org.freedesktop.UDisks2.Filesystem", "org.freedesktop.UDisks2.Partition")
"/org/freedesktop/UDisks2/block_devices/sdb1" lost interfaces: ("org.freedesktop.UDisks2.Partition", "org.freedesktop.UDisks2.Filesystem", "org.freedesktop.UDisks2.Block")
"/org/freedesktop/UDisks2/block_devices/sdb2" lost interfaces: ("org.freedesktop.UDisks2.Partition", "org.freedesktop.UDisks2.Filesystem", "org.freedesktop.UDisks2.Block")
"/org/freedesktop/UDisks2/block_devices/sdb" lost interfaces: ("org.freedesktop.UDisks2.PartitionTable")
"/org/freedesktop/UDisks2/block_devices/sdc1" lost interfaces: ("org.freedesktop.UDisks2.Partition", "org.freedesktop.UDisks2.Filesystem", "org.freedesktop.UDisks2.Block")
"/org/freedesktop/UDisks2/block_devices/sdc" lost interfaces: ("org.freedesktop.UDisks2.PartitionTable")
"/org/freedesktop/UDisks2/block_devices/sdb" lost interfaces: ("org.freedesktop.UDisks2.Block")
"/org/freedesktop/UDisks2/drives/UFD_3_2e0_Silicon_Power64G_P1311862070B3BBB86B4CE31" lost interfaces: ("org.freedesktop.UDisks2.Drive")
"/org/freedesktop/UDisks2/block_devices/sdc" lost interfaces: ("org.freedesktop.UDisks2.Block")
"/org/freedesktop/UDisks2/drives/SanDisk_Ultra_Fit_4C530001231027116155" lost interfaces: ("org.freedesktop.UDisks2.Drive")
"/org/freedesktop/UDisks2/drives/SanDisk_Ultra_Fit_4C530001231027116155" has new interfaces: ("org.freedesktop.UDisks2.Drive")
"/org/freedesktop/UDisks2/block_devices/sdb" has new interfaces: ("org.freedesktop.UDisks2.Block", "org.freedesktop.UDisks2.PartitionTable")
"/org/freedesktop/UDisks2/block_devices/sdb1" has new interfaces: ("org.freedesktop.UDisks2.Block", "org.freedesktop.UDisks2.Filesystem", "org.freedesktop.UDisks2.Partition")
"/org/freedesktop/UDisks2/drives/UFD_3_2e0_Silicon_Power64G_P1311862070B3BBB86B4CE31" has new interfaces: ("org.freedesktop.UDisks2.Drive")
"/org/freedesktop/UDisks2/block_devices/sdc" has new interfaces: ("org.freedesktop.UDisks2.Block", "org.freedesktop.UDisks2.PartitionTable")
"/org/freedesktop/UDisks2/block_devices/sdc2" has new interfaces: ("org.freedesktop.UDisks2.Block", "org.freedesktop.UDisks2.Filesystem", "org.freedesktop.UDisks2.Partition")
"/org/freedesktop/UDisks2/block_devices/sdc1" has new interfaces: ("org.freedesktop.UDisks2.Block", "org.freedesktop.UDisks2.Filesystem", "org.freedesktop.UDisks2.Partition")
"/org/freedesktop/UDisks2/block_devices/sdc1" lost interfaces: ("org.freedesktop.UDisks2.Partition", "org.freedesktop.UDisks2.Filesystem", "org.freedesktop.UDisks2.Block")
"/org/freedesktop/UDisks2/block_devices/sdc2" lost interfaces: ("org.freedesktop.UDisks2.Partition", "org.freedesktop.UDisks2.Filesystem", "org.freedesktop.UDisks2.Block")
"/org/freedesktop/UDisks2/block_devices/sdc" lost interfaces: ("org.freedesktop.UDisks2.PartitionTable", "org.freedesktop.UDisks2.Block")
"/org/freedesktop/UDisks2/drives/UFD_3_2e0_Silicon_Power64G_P1311862070B3BBB86B4CE31" lost interfaces: ("org.freedesktop.UDisks2.Drive")
"/org/freedesktop/UDisks2/block_devices/sdb1" lost interfaces: ("org.freedesktop.UDisks2.Partition", "org.freedesktop.UDisks2.Filesystem", "org.freedesktop.UDisks2.Block")
"/org/freedesktop/UDisks2/block_devices/sdb" lost interfaces: ("org.freedesktop.UDisks2.PartitionTable", "org.freedesktop.UDisks2.Block")
"/org/freedesktop/UDisks2/drives/SanDisk_Ultra_Fit_4C530001231027116155" lost interfaces: ("org.freedesktop.UDisks2.Drive")
"/org/freedesktop/UDisks2/drives/SanDisk_Ultra_Fit_4C530001231027116155" has new interfaces: ("org.freedesktop.UDisks2.Drive")
"/org/freedesktop/UDisks2/block_devices/sdb" has new interfaces: ("org.freedesktop.UDisks2.Block", "org.freedesktop.UDisks2.PartitionTable")
"/org/freedesktop/UDisks2/block_devices/sdb1" has new interfaces: ("org.freedesktop.UDisks2.Block", "org.freedesktop.UDisks2.Filesystem", "org.freedesktop.UDisks2.Partition")
"/org/freedesktop/UDisks2/drives/UFD_3_2e0_Silicon_Power64G_P1311862070B3BBB86B4CE31" has new interfaces: ("org.freedesktop.UDisks2.Drive")
"/org/freedesktop/UDisks2/block_devices/sdc" has new interfaces: ("org.freedesktop.UDisks2.Block", "org.freedesktop.UDisks2.PartitionTable")
"/org/freedesktop/UDisks2/block_devices/sdc2" has new interfaces: ("org.freedesktop.UDisks2.Block", "org.freedesktop.UDisks2.Filesystem", "org.freedesktop.UDisks2.Partition")
"/org/freedesktop/UDisks2/block_devices/sdc1" has new interfaces: ("org.freedesktop.UDisks2.Block", "org.freedesktop.UDisks2.Filesystem", "org.freedesktop.UDisks2.Partition")
"/org/freedesktop/UDisks2/block_devices/sdc1" lost interfaces: ("org.freedesktop.UDisks2.Partition", "org.freedesktop.UDisks2.Filesystem", "org.freedesktop.UDisks2.Block")
"/org/freedesktop/UDisks2/block_devices/sdc2" lost interfaces: ("org.freedesktop.UDisks2.Partition", "org.freedesktop.UDisks2.Filesystem", "org.freedesktop.UDisks2.Block")
"/org/freedesktop/UDisks2/block_devices/sdc" lost interfaces: ("org.freedesktop.UDisks2.PartitionTable")
"/org/freedesktop/UDisks2/block_devices/sdb1" lost interfaces: ("org.freedesktop.UDisks2.Partition", "org.freedesktop.UDisks2.Filesystem", "org.freedesktop.UDisks2.Block")
"/org/freedesktop/UDisks2/block_devices/sdb" lost interfaces: ("org.freedesktop.UDisks2.PartitionTable")
"/org/freedesktop/UDisks2/block_devices/sdc" lost interfaces: ("org.freedesktop.UDisks2.Block")
"/org/freedesktop/UDisks2/drives/UFD_3_2e0_Silicon_Power64G_P1311862070B3BBB86B4CE31" lost interfaces: ("org.freedesktop.UDisks2.Drive")
"/org/freedesktop/UDisks2/block_devices/sdb" lost interfaces: ("org.freedesktop.UDisks2.Block")
"/org/freedesktop/UDisks2/drives/SanDisk_Ultra_Fit_4C530001231027116155" lost interfaces: ("org.freedesktop.UDisks2.Drive")
